<?xml version="1.0" encoding="UTF-8"?>
<!-- Generated by org.testng.reporters.JUnitReportReporter -->
<testsuite skipped="0" hostname="krish" name="testngwaits.i2" tests="1" failures="0" timestamp="2023-01-26T19:57:49 IST" time="4.067" errors="0">
  <testcase name="hard" time="4.067" classname="testngwaits.i2"/>
  <system-out/>
</testsuite> <!-- testngwaits.i2 -->
