<?xml version="1.0" encoding="UTF-8"?>
<!-- Generated by org.testng.reporters.JUnitReportReporter -->
<testsuite skipped="0" hostname="krish" name="testngannotatins.a1" tests="2" failures="0" timestamp="2023-01-25T19:47:58 IST" time="4.839" errors="0">
  <testcase name="t2" time="3.627" classname="testngannotatins.a1"/>
  <system-out/>
  <testcase name="t1" time="1.212" classname="testngannotatins.a1"/>
  <system-out/>
</testsuite> <!-- testngannotatins.a1 -->
