<?xml version="1.0" encoding="UTF-8"?>
<!-- Generated by org.testng.reporters.JUnitReportReporter -->
<testsuite skipped="0" hostname="krish" name="testngwaits.i1" tests="1" failures="0" timestamp="2023-01-27T19:45:20 IST" time="12.111" errors="0">
  <testcase name="hard" time="12.111" classname="testngwaits.i1"/>
  <system-out/>
</testsuite> <!-- testngwaits.i1 -->
