<?xml version="1.0" encoding="UTF-8"?>
<!-- Generated by org.testng.reporters.JUnitReportReporter -->
<testsuite skipped="1" hostname="krish" name="testngattributes.c1" tests="3" failures="0" timestamp="2023-01-23T19:56:24 IST" time="0.006" errors="0">
  <testcase name="t2" time="0.005" classname="testngattributes.c1"/>
  <system-out/>
  <testcase name="ab" time="0.001" classname="testngattributes.c1"/>
  <system-out/>
  <testcase name="t1" classname="testngattributes.c1">
    <skipped/>
  </testcase> <!-- t1 -->
  <system-out/>
</testsuite> <!-- testngattributes.c1 -->
