<?xml version="1.0" encoding="UTF-8"?>
<!-- Generated by org.testng.reporters.JUnitReportReporter -->
<testsuite skipped="0" hostname="krish" name="testngdepen.r1" tests="8" failures="0" timestamp="2023-01-24T19:50:19 IST" time="22.801" errors="0">
  <testcase name="visitingweb" time="3.345" classname="testngdepen.r1"/>
  <system-out/>
  <testcase name="max" time="0.136" classname="testngdepen.r1"/>
  <system-out/>
  <testcase name="refreshing" time="0.481" classname="testngdepen.r1"/>
  <system-out/>
  <testcase name="refreshing" time="0.456" classname="testngdepen.r1"/>
  <system-out/>
  <testcase name="refreshing" time="0.853" classname="testngdepen.r1"/>
  <system-out/>
  <testcase name="refreshing" time="0.025" classname="testngdepen.r1"/>
  <system-out/>
  <testcase name="clicking" time="13.816" classname="testngdepen.r1"/>
  <system-out/>
  <testcase name="close" time="3.689" classname="testngdepen.r1"/>
  <system-out/>
</testsuite> <!-- testngdepen.r1 -->
